0 info it worked if it ends with ok
1 verbose cli [ '/home/sheetal/Documents/node-v4.2.1-linux-x64/bin/node',
1 verbose cli   '/home/sheetal/Documents/node/bin/npm',
1 verbose cli   'install' ]
2 info using npm@2.14.7
3 info using node@v4.2.1
4 verbose config Skipping project config: /home/sheetal/.npmrc. (matches userconfig)
5 verbose readDependencies loading dependencies from /home/sheetal/package.json
6 error install Couldn't read dependencies
7 verbose stack Error: ENOENT: no such file or directory, open '/home/sheetal/package.json'
7 verbose stack     at Error (native)
8 verbose cwd /home/sheetal/Documents/learnnode
9 error Linux 3.19.0-37-generic
10 error argv "/home/sheetal/Documents/node-v4.2.1-linux-x64/bin/node" "/home/sheetal/Documents/node/bin/npm" "install"
11 error node v4.2.1
12 error npm  v2.14.7
13 error path /home/sheetal/package.json
14 error code ENOPACKAGEJSON
15 error errno -2
16 error syscall open
17 error package.json ENOENT: no such file or directory, open '/home/sheetal/package.json'
17 error package.json This is most likely not a problem with npm itself.
17 error package.json npm can't find a package.json file in your current directory.
18 verbose exit [ -2, true ]
